<?xml version="1.0" encoding="UTF-8"?>
<testsuite xmlns:xsi="http://www.w3.org/2001/XMLSchema-instance" xsi:noNamespaceSchemaLocation="https://maven.apache.org/surefire/maven-surefire-plugin/xsd/surefire-test-report.xsd" name="maven_evo.AVLTree_ESTest" time="1.217" tests="31" errors="1" skipped="0" failures="0">
  <properties>
[...]
</properties>
  <testcase name="test00" classname="maven_evo.AVLTree_ESTest" time="0.024"/>
  <testcase name="test22" classname="maven_evo.AVLTree_ESTest" time="0.003"/>
  <testcase name="test01" classname="maven_evo.AVLTree_ESTest" time="0.002"/>
  <testcase name="test23" classname="maven_evo.AVLTree_ESTest" time="0.002"/>
  <testcase name="test20" classname="maven_evo.AVLTree_ESTest" time="0.004"/>
  <testcase name="test21" classname="maven_evo.AVLTree_ESTest" time="0.004"/>
  <testcase name="test04" classname="maven_evo.AVLTree_ESTest" time="0.003"/>
  <testcase name="test26" classname="maven_evo.AVLTree_ESTest" time="0.001"/>
  <testcase name="test05" classname="maven_evo.AVLTree_ESTest" time="0.013"/>
  <testcase name="test27" classname="maven_evo.AVLTree_ESTest" time="0.004"/>
  <testcase name="test02" classname="maven_evo.AVLTree_ESTest" time="0.002"/>
  <testcase name="test24" classname="maven_evo.AVLTree_ESTest" time="0.003"/>
  <testcase name="test03" classname="maven_evo.AVLTree_ESTest" time="0.008"/>
  <testcase name="test25" classname="maven_evo.AVLTree_ESTest" time="0"/>
  <testcase name="test08" classname="maven_evo.AVLTree_ESTest" time="0.004"/>
  <testcase name="test09" classname="maven_evo.AVLTree_ESTest" time="0.003"/>
  <testcase name="test06" classname="maven_evo.AVLTree_ESTest" time="0.005"/>
  <testcase name="test28" classname="maven_evo.AVLTree_ESTest" time="0.003"/>
  <testcase name="test07" classname="maven_evo.AVLTree_ESTest" time="0.002"/>
  <testcase name="test29" classname="maven_evo.AVLTree_ESTest" time="0.003"/>
  <testcase name="test11" classname="maven_evo.AVLTree_ESTest" time="0.002"/>
  <testcase name="test12" classname="maven_evo.AVLTree_ESTest" time="0.002"/>
  <testcase name="test10" classname="maven_evo.AVLTree_ESTest" time="0.003"/>
  <testcase name="test15" classname="maven_evo.AVLTree_ESTest" time="0.004"/>
  <testcase name="test16" classname="maven_evo.AVLTree_ESTest" time="0.003"/>
  <testcase name="test13" classname="maven_evo.AVLTree_ESTest" time="0.003"/>
  <testcase name="test14" classname="maven_evo.AVLTree_ESTest" time="0.024">
    <error type="java.lang.StackOverflowError">java.lang.StackOverflowError
</error>
  </testcase>
  <testcase name="test19" classname="maven_evo.AVLTree_ESTest" time="0.003"/>
  <testcase name="test17" classname="maven_evo.AVLTree_ESTest" time="0.003"/>
  <testcase name="test18" classname="maven_evo.AVLTree_ESTest" time="0.001"/>
  <testcase name="test30" classname="maven_evo.AVLTree_ESTest" time="0.003"/>
</testsuite>